MCOP-SDK/app/build/outputs/mapping/release/mapping.txt
# compiler: R8
# compiler_version: 1.4.94
# min_api: 22
org.mcopenplatform.muoapi.ConstantsMCOP$ActionsCallBack -> org.mcopenplatform.muoapi.a:
    java.lang.String text -> m
    org.mcopenplatform.muoapi.ConstantsMCOP$ActionsCallBack eMBMSNotificationEvent -> k
    org.mcopenplatform.muoapi.ConstantsMCOP$ActionsCallBack callEvent -> f
    org.mcopenplatform.muoapi.ConstantsMCOP$ActionsCallBack configurationUpdateEvent -> e
    org.mcopenplatform.muoapi.ConstantsMCOP$ActionsCallBack loginEvent -> d
    org.mcopenplatform.muoapi.ConstantsMCOP$ActionsCallBack unLoginEvent -> c
    org.mcopenplatform.muoapi.ConstantsMCOP$ActionsCallBack[] $VALUES -> l
    org.mcopenplatform.muoapi.ConstantsMCOP$ActionsCallBack selectedContactChangeEvent -> j
    org.mcopenplatform.muoapi.ConstantsMCOP$ActionsCallBack groupAffiliationEvent -> i
    org.mcopenplatform.muoapi.ConstantsMCOP$ActionsCallBack groupInfoEvent -> h
    org.mcopenplatform.muoapi.ConstantsMCOP$ActionsCallBack floorControlEvent -> g
    org.mcopenplatform.muoapi.ConstantsMCOP$ActionsCallBack authorizationRequestEvent -> b
    org.mcopenplatform.muoapi.ConstantsMCOP$ActionsCallBack none -> a
    org.mcopenplatform.muoapi.ConstantsMCOP$ActionsCallBack fromString(java.lang.String) -> a
org.mcopenplatform.muoapi.ConstantsMCOP$CallEventExtras$CallEventEventTypeEnum -> org.mcopenplatform.muoapi.b:
    org.mcopenplatform.muoapi.ConstantsMCOP$CallEventExtras$CallEventEventTypeEnum[] $VALUES -> j
    org.mcopenplatform.muoapi.ConstantsMCOP$CallEventExtras$CallEventEventTypeEnum ERROR -> g
    org.mcopenplatform.muoapi.ConstantsMCOP$CallEventExtras$CallEventEventTypeEnum UPDATE -> h
    int code -> k
    org.mcopenplatform.muoapi.ConstantsMCOP$CallEventExtras$CallEventEventTypeEnum RINGING -> c
    java.util.Map map -> i
    org.mcopenplatform.muoapi.ConstantsMCOP$CallEventExtras$CallEventEventTypeEnum INPROGRESS -> d
    org.mcopenplatform.muoapi.ConstantsMCOP$CallEventExtras$CallEventEventTypeEnum CONNECTED -> e
    org.mcopenplatform.muoapi.ConstantsMCOP$CallEventExtras$CallEventEventTypeEnum TERMINATED -> f
    org.mcopenplatform.muoapi.ConstantsMCOP$CallEventExtras$CallEventEventTypeEnum NONE -> a
    org.mcopenplatform.muoapi.ConstantsMCOP$CallEventExtras$CallEventEventTypeEnum INCOMING -> b
    org.mcopenplatform.muoapi.ConstantsMCOP$CallEventExtras$CallEventEventTypeEnum fromInt(int) -> a
org.mcopenplatform.muoapi.ConstantsMCOP$CallEventExtras$CallTypeEnum -> org.mcopenplatform.muoapi.c:
    org.mcopenplatform.muoapi.ConstantsMCOP$CallEventExtras$CallTypeEnum Data -> d
    org.mcopenplatform.muoapi.ConstantsMCOP$CallEventExtras$CallTypeEnum Video -> c
    org.mcopenplatform.muoapi.ConstantsMCOP$CallEventExtras$CallTypeEnum WithoutFloorCtrl -> f
    org.mcopenplatform.muoapi.ConstantsMCOP$CallEventExtras$CallTypeEnum WithFloorCtrl -> e
    org.mcopenplatform.muoapi.ConstantsMCOP$CallEventExtras$CallTypeEnum Audio -> b
    org.mcopenplatform.muoapi.ConstantsMCOP$CallEventExtras$CallTypeEnum None -> a
    org.mcopenplatform.muoapi.ConstantsMCOP$CallEventExtras$CallTypeEnum[] $VALUES -> r
    org.mcopenplatform.muoapi.ConstantsMCOP$CallEventExtras$CallTypeEnum ImminentPeril -> p
    org.mcopenplatform.muoapi.ConstantsMCOP$CallEventExtras$CallTypeEnum Emergency -> o
    org.mcopenplatform.muoapi.ConstantsMCOP$CallEventExtras$CallTypeEnum EmergencyAlert -> q
    org.mcopenplatform.muoapi.ConstantsMCOP$CallEventExtras$CallTypeEnum PrivateCallCallback -> l
    org.mcopenplatform.muoapi.ConstantsMCOP$CallEventExtras$CallTypeEnum FirstToAnswer -> k
    org.mcopenplatform.muoapi.ConstantsMCOP$CallEventExtras$CallTypeEnum LocalAmbientListening -> n
    org.mcopenplatform.muoapi.ConstantsMCOP$CallEventExtras$CallTypeEnum RemoteAmbientListening -> m
    org.mcopenplatform.muoapi.ConstantsMCOP$CallEventExtras$CallTypeEnum Broadcast -> h
...
androidx.transition.ChangeBounds$5 -> androidx.transition.g:
    android.graphics.PointF get(android.view.View) -> a
    void set(android.view.View,android.graphics.PointF) -> a
androidx.transition.ChangeBounds$6 -> androidx.transition.h:
    android.graphics.PointF get(android.view.View) -> a
    void set(android.view.View,android.graphics.PointF) -> a
androidx.transition.ChangeBounds$7 -> androidx.transition.i:
    androidx.transition.ChangeBounds this$0 -> b
    androidx.transition.ChangeBounds$ViewBounds val$viewBounds -> a
androidx.transition.ChangeBounds$8 -> androidx.transition.j:
    androidx.transition.ChangeBounds this$0 -> h
    int val$endRight -> f
    int val$endBottom -> g
    int val$endLeft -> d
    android.view.View val$view -> b
    int val$endTop -> e
    boolean mIsCanceled -> a
    android.graphics.Rect val$finalClip -> c
androidx.transition.ChangeBounds$9 -> androidx.transition.k:
    android.view.ViewGroup val$parent -> b
    androidx.transition.ChangeBounds this$0 -> c
    boolean mCanceled -> a
    void onTransitionPause(androidx.transition.Transition) -> b
    void onTransitionEnd(androidx.transition.Transition) -> c
    void onTransitionResume(androidx.transition.Transition) -> d
androidx.transition.ChangeBounds$ViewBounds -> androidx.transition.ChangeBounds$a:
    int mTopLeftCalls -> f
    int mBottomRightCalls -> g
    int mBottom -> d
    int mTop -> b
    android.view.View mView -> e
    int mRight -> c
    int mLeft -> a
    void setBottomRight(android.graphics.PointF) -> a
    void setLeftTopRightBottom() -> a
    void setTopLeft(android.graphics.PointF) -> b
androidx.transition.ChangeClipBounds -> androidx.transition.ChangeClipBounds:
    java.lang.String[] sTransitionProperties -> K
    void captureEndValues(androidx.transition.TransitionValues) -> a
    android.animation.Animator createAnimator(android.view.ViewGroup,androidx.transition.TransitionValues,androidx.transition.TransitionValues) -> a
    void captureStartValues(androidx.transition.TransitionValues) -> c
    void captureValues(androidx.transition.TransitionValues) -> d
    java.lang.String[] getTransitionProperties() -> n
androidx.transition.ChangeClipBounds$1 -> androidx.transition.l:
    android.view.View val$endView -> a
    androidx.transition.ChangeClipBounds this$0 -> b
androidx.transition.ChangeImageTransform -> androidx.transition.ChangeImageTransform:
    java.lang.String[] sTransitionProperties -> K
    android.util.Property ANIMATED_TRANSFORM_PROPERTY -> M
    android.animation.TypeEvaluator NULL_MATRIX_EVALUATOR -> L
    void captureEndValues(androidx.transition.TransitionValues) -> a
    android.graphics.Matrix centerCropMatrix(android.widget.ImageView) -> a
    android.animation.Animator createAnimator(android.view.ViewGroup,androidx.transition.TransitionValues,androidx.transition.TransitionValues) -> a
    android.animation.ObjectAnimator createMatrixAnimator(android.widget.ImageView,android.graphics.Matrix,android.graphics.Matrix) -> a
    android.graphics.Matrix copyImageMatrix(android.widget.ImageView) -> b
    void captureStartValues(androidx.transition.TransitionValues) -> c
    android.animation.ObjectAnimator createNullAnimator(android.widget.ImageView) -> c
    void captureValues(androidx.transition.TransitionValues) -> d
    android.graphics.Matrix fitXYMatrix(android.widget.ImageView) -> d
    java.lang.String[] getTransitionProperties() -> n
androidx.transition.ChangeImageTransform$1 -> androidx.transition.m:
    android.graphics.Matrix evaluate(float,android.graphics.Matrix,android.graphics.Matrix) -> a
androidx.transition.ChangeImageTransform$2 -> androidx.transition.n:
    android.graphics.Matrix get(android.widget.ImageView) -> a
    void set(android.widget.ImageView,android.graphics.Matrix) -> a
androidx.transition.ChangeImageTransform$3 -> androidx.transition.o:
    int[] $SwitchMap$android$widget$ImageView$ScaleType -> a